<?xml version="1.0" encoding="UTF-8"?>
<!-- Generated by org.testng.reporters.JUnitReportReporter -->
<testsuite skipped="0" hostname="asda1717po02529" name="com.qainfotech.tap.training.resourceio.TeamsYamlReaderTest" tests="1" failures="0" timestamp="03 Jul 2017 12:35:38 GMT" time="0.072" errors="0">
  <testcase name="getListOfInactiveIndividuals_should_return_array_list_of_only_inactive_individual_objects" time="0.072" classname="com.qainfotech.tap.training.resourceio.TeamsYamlReaderTest"/>
</testsuite> <!-- com.qainfotech.tap.training.resourceio.TeamsYamlReaderTest -->
